<?xml version="1.0" encoding="UTF-8"?>
<testsuite xmlns:xsi="http://www.w3.org/2001/XMLSchema-instance" xsi:noNamespaceSchemaLocation="https://maven.apache.org/surefire/maven-surefire-plugin/xsd/surefire-test-report-3.0.xsd" version="3.0" name="com.gabriel.cadastropessoas.PessoaControllerTest" time="5.083" tests="5" errors="0" skipped="0" failures="0">
  <properties>
[...]
</properties>
  <testcase name="deveConsultarTodos" classname="com.gabriel.cadastropessoas.PessoaControllerTest" time="0.433">
    <system-out><![CDATA[2023-11-12T22:41:57.760-03:00  INFO 12511 --- [           main] t.c.s.AnnotationConfigContextLoaderUtils : Could not detect default configuration classes for test class [com.gabriel.cadastropessoas.PessoaControllerTest]: PessoaControllerTest does not declare any static, non-private, non-final, nested classes annotated with @Configuration.
2023-11-12T22:41:57.765-03:00  INFO 12511 --- [           main] .b.t.c.SpringBootTestContextBootstrapper : Found @SpringBootConfiguration com.gabriel.cadastropessoas.CadastroPessoasApplication for test class com.gabriel.cadastropessoas.PessoaControllerTest
2023-11-12T22:41:58.190-03:00  INFO 12511 --- [           main] j.LocalContainerEntityManagerFactoryBean : Closing JPA EntityManagerFactory for persistence unit 'default'
2023-11-12T22:41:58.200-03:00  INFO 12511 --- [           main] com.zaxxer.hikari.HikariDataSource       : HikariPool-1 - Shutdown initiated...
2023-11-12T22:41:58.210-03:00  INFO 12511 --- [           main] com.zaxxer.hikari.HikariDataSource       : HikariPool-1 - Shutdown completed.
]]></system-out>
  </testcase>
  <testcase name="deveConsultarUnico" classname="com.gabriel.cadastropessoas.PessoaControllerTest" time="0.061">
    <system-out><![CDATA[
  .   ____          _            __ _ _
 /\\ / ___'_ __ _ _(_)_ __  __ _ \ \ \ \
( ( )\___ | '_ | '_| | '_ \/ _` | \ \ \ \
 \\/  ___)| |_)| | | | | || (_| |  ) ) ) )
  '  |____| .__|_| |_|_| |_\__, | / / / /
 =========|_|==============|___/=/_/_/_/
 :: Spring Boot ::                (v3.1.5)

2023-11-12T22:41:58.256-03:00  INFO 12511 --- [           main] c.g.c.PessoaControllerTest               : Starting PessoaControllerTest using Java 17.0.4.1 with PID 12511 (started by gabriel in /home/gabriel/Documentos/Spring/cadastro-pessoas)
2023-11-12T22:41:58.256-03:00  INFO 12511 --- [           main] c.g.c.PessoaControllerTest               : No active profile set, falling back to 1 default profile: "default"
2023-11-12T22:41:58.535-03:00  INFO 12511 --- [           main] .s.d.r.c.RepositoryConfigurationDelegate : Bootstrapping Spring Data JPA repositories in DEFAULT mode.
2023-11-12T22:41:58.548-03:00  INFO 12511 --- [           main] .s.d.r.c.RepositoryConfigurationDelegate : Finished Spring Data repository scanning in 12 ms. Found 2 JPA repository interfaces.
2023-11-12T22:41:58.681-03:00  INFO 12511 --- [           main] com.zaxxer.hikari.HikariDataSource       : HikariPool-2 - Starting...
2023-11-12T22:41:58.686-03:00  INFO 12511 --- [           main] com.zaxxer.hikari.pool.HikariPool        : HikariPool-2 - Added connection conn10: url=jdbc:h2:mem:bd-test user=SA
2023-11-12T22:41:58.687-03:00  INFO 12511 --- [           main] com.zaxxer.hikari.HikariDataSource       : HikariPool-2 - Start completed.
2023-11-12T22:41:58.690-03:00  INFO 12511 --- [           main] o.hibernate.jpa.internal.util.LogHelper  : HHH000204: Processing PersistenceUnitInfo [name: default]
2023-11-12T22:41:58.712-03:00  INFO 12511 --- [           main] o.s.o.j.p.SpringPersistenceUnitInfo      : No LoadTimeWeaver setup: ignoring JPA class transformer
2023-11-12T22:41:58.842-03:00  INFO 12511 --- [           main] o.h.e.t.j.p.i.JtaPlatformInitiator       : HHH000489: No JTA platform available (set 'hibernate.transaction.jta.platform' to enable JTA platform integration)
2023-11-12T22:41:58.857-03:00  INFO 12511 --- [           main] j.LocalContainerEntityManagerFactoryBean : Initialized JPA EntityManagerFactory for persistence unit 'default'
2023-11-12T22:41:59.051-03:00  WARN 12511 --- [           main] JpaBaseConfiguration$JpaWebConfiguration : spring.jpa.open-in-view is enabled by default. Therefore, database queries may be performed during view rendering. Explicitly configure spring.jpa.open-in-view to disable this warning
2023-11-12T22:41:59.188-03:00  INFO 12511 --- [           main] o.s.b.t.m.w.SpringBootMockServletContext : Initializing Spring TestDispatcherServlet ''
2023-11-12T22:41:59.188-03:00  INFO 12511 --- [           main] o.s.t.web.servlet.TestDispatcherServlet  : Initializing Servlet ''
2023-11-12T22:41:59.189-03:00  INFO 12511 --- [           main] o.s.t.web.servlet.TestDispatcherServlet  : Completed initialization in 1 ms
2023-11-12T22:41:59.203-03:00  INFO 12511 --- [           main] c.g.c.PessoaControllerTest               : Started PessoaControllerTest in 0.986 seconds (process running for 10.618)
2023-11-12T22:41:59.276-03:00  INFO 12511 --- [           main] j.LocalContainerEntityManagerFactoryBean : Closing JPA EntityManagerFactory for persistence unit 'default'
2023-11-12T22:41:59.281-03:00  INFO 12511 --- [           main] com.zaxxer.hikari.HikariDataSource       : HikariPool-2 - Shutdown initiated...
2023-11-12T22:41:59.283-03:00  INFO 12511 --- [           main] com.zaxxer.hikari.HikariDataSource       : HikariPool-2 - Shutdown completed.
]]></system-out>
  </testcase>
  <testcase name="deveExcluir" classname="com.gabriel.cadastropessoas.PessoaControllerTest" time="0.502">
    <system-out><![CDATA[
  .   ____          _            __ _ _
 /\\ / ___'_ __ _ _(_)_ __  __ _ \ \ \ \
( ( )\___ | '_ | '_| | '_ \/ _` | \ \ \ \
 \\/  ___)| |_)| | | | | || (_| |  ) ) ) )
  '  |____| .__|_| |_|_| |_\__, | / / / /
 =========|_|==============|___/=/_/_/_/
 :: Spring Boot ::                (v3.1.5)

2023-11-12T22:41:59.318-03:00  INFO 12511 --- [           main] c.g.c.PessoaControllerTest               : Starting PessoaControllerTest using Java 17.0.4.1 with PID 12511 (started by gabriel in /home/gabriel/Documentos/Spring/cadastro-pessoas)
2023-11-12T22:41:59.319-03:00  INFO 12511 --- [           main] c.g.c.PessoaControllerTest               : No active profile set, falling back to 1 default profile: "default"
2023-11-12T22:41:59.650-03:00  INFO 12511 --- [           main] .s.d.r.c.RepositoryConfigurationDelegate : Bootstrapping Spring Data JPA repositories in DEFAULT mode.
2023-11-12T22:41:59.662-03:00  INFO 12511 --- [           main] .s.d.r.c.RepositoryConfigurationDelegate : Finished Spring Data repository scanning in 11 ms. Found 2 JPA repository interfaces.
2023-11-12T22:41:59.774-03:00  INFO 12511 --- [           main] com.zaxxer.hikari.HikariDataSource       : HikariPool-3 - Starting...
2023-11-12T22:41:59.778-03:00  INFO 12511 --- [           main] com.zaxxer.hikari.pool.HikariPool        : HikariPool-3 - Added connection conn20: url=jdbc:h2:mem:bd-test user=SA
2023-11-12T22:41:59.779-03:00  INFO 12511 --- [           main] com.zaxxer.hikari.HikariDataSource       : HikariPool-3 - Start completed.
2023-11-12T22:41:59.780-03:00  INFO 12511 --- [           main] o.hibernate.jpa.internal.util.LogHelper  : HHH000204: Processing PersistenceUnitInfo [name: default]
2023-11-12T22:41:59.788-03:00  INFO 12511 --- [           main] o.s.o.j.p.SpringPersistenceUnitInfo      : No LoadTimeWeaver setup: ignoring JPA class transformer
2023-11-12T22:41:59.888-03:00  INFO 12511 --- [           main] o.h.e.t.j.p.i.JtaPlatformInitiator       : HHH000489: No JTA platform available (set 'hibernate.transaction.jta.platform' to enable JTA platform integration)
2023-11-12T22:41:59.901-03:00  INFO 12511 --- [           main] j.LocalContainerEntityManagerFactoryBean : Initialized JPA EntityManagerFactory for persistence unit 'default'
2023-11-12T22:42:00.063-03:00  WARN 12511 --- [           main] JpaBaseConfiguration$JpaWebConfiguration : spring.jpa.open-in-view is enabled by default. Therefore, database queries may be performed during view rendering. Explicitly configure spring.jpa.open-in-view to disable this warning
2023-11-12T22:42:00.248-03:00  INFO 12511 --- [           main] o.s.b.t.m.w.SpringBootMockServletContext : Initializing Spring TestDispatcherServlet ''
2023-11-12T22:42:00.248-03:00  INFO 12511 --- [           main] o.s.t.web.servlet.TestDispatcherServlet  : Initializing Servlet ''
2023-11-12T22:42:00.251-03:00  INFO 12511 --- [           main] o.s.t.web.servlet.TestDispatcherServlet  : Completed initialization in 3 ms
2023-11-12T22:42:00.262-03:00  INFO 12511 --- [           main] c.g.c.PessoaControllerTest               : Started PessoaControllerTest in 0.974 seconds (process running for 11.677)
2023-11-12T22:42:00.743-03:00  INFO 12511 --- [           main] j.LocalContainerEntityManagerFactoryBean : Closing JPA EntityManagerFactory for persistence unit 'default'
2023-11-12T22:42:00.765-03:00  INFO 12511 --- [           main] com.zaxxer.hikari.HikariDataSource       : HikariPool-3 - Shutdown initiated...
2023-11-12T22:42:00.767-03:00  INFO 12511 --- [           main] com.zaxxer.hikari.HikariDataSource       : HikariPool-3 - Shutdown completed.
]]></system-out>
  </testcase>
  <testcase name="deveAlterar" classname="com.gabriel.cadastropessoas.PessoaControllerTest" time="0.105">
    <system-out><![CDATA[
  .   ____          _            __ _ _
 /\\ / ___'_ __ _ _(_)_ __  __ _ \ \ \ \
( ( )\___ | '_ | '_| | '_ \/ _` | \ \ \ \
 \\/  ___)| |_)| | | | | || (_| |  ) ) ) )
  '  |____| .__|_| |_|_| |_\__, | / / / /
 =========|_|==============|___/=/_/_/_/
 :: Spring Boot ::                (v3.1.5)

2023-11-12T22:42:00.798-03:00  INFO 12511 --- [           main] c.g.c.PessoaControllerTest               : Starting PessoaControllerTest using Java 17.0.4.1 with PID 12511 (started by gabriel in /home/gabriel/Documentos/Spring/cadastro-pessoas)
2023-11-12T22:42:00.799-03:00  INFO 12511 --- [           main] c.g.c.PessoaControllerTest               : No active profile set, falling back to 1 default profile: "default"
2023-11-12T22:42:01.003-03:00  INFO 12511 --- [           main] .s.d.r.c.RepositoryConfigurationDelegate : Bootstrapping Spring Data JPA repositories in DEFAULT mode.
2023-11-12T22:42:01.031-03:00  INFO 12511 --- [           main] .s.d.r.c.RepositoryConfigurationDelegate : Finished Spring Data repository scanning in 26 ms. Found 2 JPA repository interfaces.
2023-11-12T22:42:01.151-03:00  INFO 12511 --- [           main] com.zaxxer.hikari.HikariDataSource       : HikariPool-4 - Starting...
2023-11-12T22:42:01.155-03:00  INFO 12511 --- [           main] com.zaxxer.hikari.pool.HikariPool        : HikariPool-4 - Added connection conn30: url=jdbc:h2:mem:bd-test user=SA
2023-11-12T22:42:01.155-03:00  INFO 12511 --- [           main] com.zaxxer.hikari.HikariDataSource       : HikariPool-4 - Start completed.
2023-11-12T22:42:01.157-03:00  INFO 12511 --- [           main] o.hibernate.jpa.internal.util.LogHelper  : HHH000204: Processing PersistenceUnitInfo [name: default]
2023-11-12T22:42:01.165-03:00  INFO 12511 --- [           main] o.s.o.j.p.SpringPersistenceUnitInfo      : No LoadTimeWeaver setup: ignoring JPA class transformer
2023-11-12T22:42:01.256-03:00  INFO 12511 --- [           main] o.h.e.t.j.p.i.JtaPlatformInitiator       : HHH000489: No JTA platform available (set 'hibernate.transaction.jta.platform' to enable JTA platform integration)
2023-11-12T22:42:01.272-03:00  INFO 12511 --- [           main] j.LocalContainerEntityManagerFactoryBean : Initialized JPA EntityManagerFactory for persistence unit 'default'
2023-11-12T22:42:01.386-03:00  WARN 12511 --- [           main] JpaBaseConfiguration$JpaWebConfiguration : spring.jpa.open-in-view is enabled by default. Therefore, database queries may be performed during view rendering. Explicitly configure spring.jpa.open-in-view to disable this warning
2023-11-12T22:42:01.614-03:00  INFO 12511 --- [           main] o.s.b.t.m.w.SpringBootMockServletContext : Initializing Spring TestDispatcherServlet ''
2023-11-12T22:42:01.614-03:00  INFO 12511 --- [           main] o.s.t.web.servlet.TestDispatcherServlet  : Initializing Servlet ''
2023-11-12T22:42:01.616-03:00  INFO 12511 --- [           main] o.s.t.web.servlet.TestDispatcherServlet  : Completed initialization in 1 ms
2023-11-12T22:42:01.628-03:00  INFO 12511 --- [           main] c.g.c.PessoaControllerTest               : Started PessoaControllerTest in 0.852 seconds (process running for 13.044)
2023-11-12T22:42:01.733-03:00  INFO 12511 --- [           main] j.LocalContainerEntityManagerFactoryBean : Closing JPA EntityManagerFactory for persistence unit 'default'
2023-11-12T22:42:01.737-03:00  INFO 12511 --- [           main] com.zaxxer.hikari.HikariDataSource       : HikariPool-4 - Shutdown initiated...
2023-11-12T22:42:01.739-03:00  INFO 12511 --- [           main] com.zaxxer.hikari.HikariDataSource       : HikariPool-4 - Shutdown completed.
]]></system-out>
  </testcase>
  <testcase name="deveCriarPessoa" classname="com.gabriel.cadastropessoas.PessoaControllerTest" time="0.058">
    <system-out><![CDATA[
  .   ____          _            __ _ _
 /\\ / ___'_ __ _ _(_)_ __  __ _ \ \ \ \
( ( )\___ | '_ | '_| | '_ \/ _` | \ \ \ \
 \\/  ___)| |_)| | | | | || (_| |  ) ) ) )
  '  |____| .__|_| |_|_| |_\__, | / / / /
 =========|_|==============|___/=/_/_/_/
 :: Spring Boot ::                (v3.1.5)

2023-11-12T22:42:01.773-03:00  INFO 12511 --- [           main] c.g.c.PessoaControllerTest               : Starting PessoaControllerTest using Java 17.0.4.1 with PID 12511 (started by gabriel in /home/gabriel/Documentos/Spring/cadastro-pessoas)
2023-11-12T22:42:01.773-03:00  INFO 12511 --- [           main] c.g.c.PessoaControllerTest               : No active profile set, falling back to 1 default profile: "default"
2023-11-12T22:42:02.031-03:00  INFO 12511 --- [           main] .s.d.r.c.RepositoryConfigurationDelegate : Bootstrapping Spring Data JPA repositories in DEFAULT mode.
2023-11-12T22:42:02.047-03:00  INFO 12511 --- [           main] .s.d.r.c.RepositoryConfigurationDelegate : Finished Spring Data repository scanning in 15 ms. Found 2 JPA repository interfaces.
2023-11-12T22:42:02.228-03:00  INFO 12511 --- [           main] com.zaxxer.hikari.HikariDataSource       : HikariPool-5 - Starting...
2023-11-12T22:42:02.233-03:00  INFO 12511 --- [           main] com.zaxxer.hikari.pool.HikariPool        : HikariPool-5 - Added connection conn40: url=jdbc:h2:mem:bd-test user=SA
2023-11-12T22:42:02.234-03:00  INFO 12511 --- [           main] com.zaxxer.hikari.HikariDataSource       : HikariPool-5 - Start completed.
2023-11-12T22:42:02.236-03:00  INFO 12511 --- [           main] o.hibernate.jpa.internal.util.LogHelper  : HHH000204: Processing PersistenceUnitInfo [name: default]
2023-11-12T22:42:02.247-03:00  INFO 12511 --- [           main] o.s.o.j.p.SpringPersistenceUnitInfo      : No LoadTimeWeaver setup: ignoring JPA class transformer
2023-11-12T22:42:02.369-03:00  INFO 12511 --- [           main] o.h.e.t.j.p.i.JtaPlatformInitiator       : HHH000489: No JTA platform available (set 'hibernate.transaction.jta.platform' to enable JTA platform integration)
2023-11-12T22:42:02.408-03:00  INFO 12511 --- [           main] j.LocalContainerEntityManagerFactoryBean : Initialized JPA EntityManagerFactory for persistence unit 'default'
2023-11-12T22:42:02.594-03:00  WARN 12511 --- [           main] JpaBaseConfiguration$JpaWebConfiguration : spring.jpa.open-in-view is enabled by default. Therefore, database queries may be performed during view rendering. Explicitly configure spring.jpa.open-in-view to disable this warning
2023-11-12T22:42:02.760-03:00  INFO 12511 --- [           main] o.s.b.t.m.w.SpringBootMockServletContext : Initializing Spring TestDispatcherServlet ''
2023-11-12T22:42:02.760-03:00  INFO 12511 --- [           main] o.s.t.web.servlet.TestDispatcherServlet  : Initializing Servlet ''
2023-11-12T22:42:02.762-03:00  INFO 12511 --- [           main] o.s.t.web.servlet.TestDispatcherServlet  : Completed initialization in 1 ms
2023-11-12T22:42:02.776-03:00  INFO 12511 --- [           main] c.g.c.PessoaControllerTest               : Started PessoaControllerTest in 1.033 seconds (process running for 14.192)
2023-11-12T22:42:02.832-03:00  INFO 12511 --- [           main] j.LocalContainerEntityManagerFactoryBean : Closing JPA EntityManagerFactory for persistence unit 'default'
2023-11-12T22:42:02.836-03:00  INFO 12511 --- [           main] com.zaxxer.hikari.HikariDataSource       : HikariPool-5 - Shutdown initiated...
2023-11-12T22:42:02.838-03:00  INFO 12511 --- [           main] com.zaxxer.hikari.HikariDataSource       : HikariPool-5 - Shutdown completed.
]]></system-out>
  </testcase>
</testsuite>